<?xml version="1.0" encoding="UTF-8"?>
<!-- Generated by org.testng.reporters.JUnitReportReporter -->
<testsuite hostname="admin-PC" name="de.Stest" tests="1" failures="0" timestamp="7 Feb 2014 11:49:27 GMT" time="108.419" errors="0">
  <testcase name="f" time="108.419" classname="de.Stest"/>
</testsuite> <!-- de.Stest -->
